c:\users\etulyon1\documents\l2polytech\semestre2\macrosoullandreloaded\x64\debug\vc143.pdb
c:\users\etulyon1\documents\l2polytech\semestre2\macrosoullandreloaded\x64\debug\vc143.idb
c:\users\etulyon1\documents\l2polytech\semestre2\macrosoullandreloaded\x64\debug\slrd.obj
c:\users\etulyon1\documents\l2polytech\semestre2\macrosoullandreloaded\x64\debug\ocr.obj
c:\users\etulyon1\documents\l2polytech\semestre2\macrosoullandreloaded\x64\debug\main.obj
c:\users\etulyon1\documents\l2polytech\semestre2\macrosoullandreloaded\x64\debug\fopencv.obj
c:\users\etulyon1\documents\l2polytech\semestre2\macrosoullandreloaded\x64\debug\fadb.obj
c:\users\etulyon1\documents\l2polytech\semestre2\macrosoullandreloaded\x64\debug\macrosoullandreloaded.ilk
c:\users\etulyon1\documents\l2polytech\semestre2\macrosoullandreloaded\x64\debug\macrosoullandreloaded.exe
c:\users\etulyon1\documents\l2polytech\semestre2\macrosoullandreloaded\x64\debug\macrosoullandreloaded.pdb
c:\users\etulyon1\documents\l2polytech\semestre2\macrosoullandreloaded\x64\debug\pocofoundationd.dll
c:\users\etulyon1\documents\l2polytech\semestre2\macrosoullandreloaded\x64\debug\pcre2-8d.dll
c:\users\etulyon1\documents\l2polytech\semestre2\macrosoullandreloaded\x64\debug\zlibd1.dll
c:\users\etulyon1\documents\l2polytech\semestre2\macrosoullandreloaded\x64\debug\tesseract53d.dll
c:\users\etulyon1\documents\l2polytech\semestre2\macrosoullandreloaded\x64\debug\archive.dll
c:\users\etulyon1\documents\l2polytech\semestre2\macrosoullandreloaded\x64\debug\bz2d.dll
c:\users\etulyon1\documents\l2polytech\semestre2\macrosoullandreloaded\x64\debug\liblzma.dll
c:\users\etulyon1\documents\l2polytech\semestre2\macrosoullandreloaded\x64\debug\lz4d.dll
c:\users\etulyon1\documents\l2polytech\semestre2\macrosoullandreloaded\x64\debug\zstd.dll
c:\users\etulyon1\documents\l2polytech\semestre2\macrosoullandreloaded\x64\debug\libcrypto-3-x64.dll
c:\users\etulyon1\documents\l2polytech\semestre2\macrosoullandreloaded\x64\debug\libcurl-d.dll
c:\users\etulyon1\documents\l2polytech\semestre2\macrosoullandreloaded\x64\debug\leptonica-1.83.1d.dll
c:\users\etulyon1\documents\l2polytech\semestre2\macrosoullandreloaded\x64\debug\gif.dll
c:\users\etulyon1\documents\l2polytech\semestre2\macrosoullandreloaded\x64\debug\jpeg62.dll
c:\users\etulyon1\documents\l2polytech\semestre2\macrosoullandreloaded\x64\debug\openjp2.dll
c:\users\etulyon1\documents\l2polytech\semestre2\macrosoullandreloaded\x64\debug\libpng16d.dll
c:\users\etulyon1\documents\l2polytech\semestre2\macrosoullandreloaded\x64\debug\tiffd.dll
c:\users\etulyon1\documents\l2polytech\semestre2\macrosoullandreloaded\x64\debug\libwebp.dll
c:\users\etulyon1\documents\l2polytech\semestre2\macrosoullandreloaded\x64\debug\libsharpyuv.dll
c:\users\etulyon1\documents\l2polytech\semestre2\macrosoullandreloaded\x64\debug\libwebpmux.dll
c:\users\etulyon1\documents\l2polytech\semestre2\macrosoullandreloaded\x64\debug\macrosou.b8b136d2.tlog\cl.command.1.tlog
c:\users\etulyon1\documents\l2polytech\semestre2\macrosoullandreloaded\x64\debug\macrosou.b8b136d2.tlog\cl.read.1.tlog
c:\users\etulyon1\documents\l2polytech\semestre2\macrosoullandreloaded\x64\debug\macrosou.b8b136d2.tlog\cl.write.1.tlog
c:\users\etulyon1\documents\l2polytech\semestre2\macrosoullandreloaded\x64\debug\macrosou.b8b136d2.tlog\link.command.1.tlog
c:\users\etulyon1\documents\l2polytech\semestre2\macrosoullandreloaded\x64\debug\macrosou.b8b136d2.tlog\link.read.1.tlog
c:\users\etulyon1\documents\l2polytech\semestre2\macrosoullandreloaded\x64\debug\macrosou.b8b136d2.tlog\link.write.1.tlog
c:\users\etulyon1\documents\l2polytech\semestre2\macrosoullandreloaded\x64\debug\macrosou.b8b136d2.tlog\macrosoullandreloaded.write.1u.tlog
