
C:\Users\etulyon1\Documents\L2POLYTECH\SEMESTRE2\MacroSoulLandReloaded\x64\Debug\PocoFoundationd.dll
C:\Users\etulyon1\Documents\L2POLYTECH\SEMESTRE2\MacroSoulLandReloaded\x64\Debug\pcre2-8d.dll
C:\Users\etulyon1\Documents\L2POLYTECH\SEMESTRE2\MacroSoulLandReloaded\x64\Debug\zlibd1.dll
C:\Users\etulyon1\Documents\L2POLYTECH\SEMESTRE2\MacroSoulLandReloaded\x64\Debug\tesseract53d.dll
C:\Users\etulyon1\Documents\L2POLYTECH\SEMESTRE2\MacroSoulLandReloaded\x64\Debug\archive.dll
C:\Users\etulyon1\Documents\L2POLYTECH\SEMESTRE2\MacroSoulLandReloaded\x64\Debug\bz2d.dll
C:\Users\etulyon1\Documents\L2POLYTECH\SEMESTRE2\MacroSoulLandReloaded\x64\Debug\liblzma.dll
C:\Users\etulyon1\Documents\L2POLYTECH\SEMESTRE2\MacroSoulLandReloaded\x64\Debug\lz4d.dll
C:\Users\etulyon1\Documents\L2POLYTECH\SEMESTRE2\MacroSoulLandReloaded\x64\Debug\zstd.dll
C:\Users\etulyon1\Documents\L2POLYTECH\SEMESTRE2\MacroSoulLandReloaded\x64\Debug\libcrypto-3-x64.dll
C:\Users\etulyon1\Documents\L2POLYTECH\SEMESTRE2\MacroSoulLandReloaded\x64\Debug\libcurl-d.dll
C:\Users\etulyon1\Documents\L2POLYTECH\SEMESTRE2\MacroSoulLandReloaded\x64\Debug\leptonica-1.83.1d.dll
C:\Users\etulyon1\Documents\L2POLYTECH\SEMESTRE2\MacroSoulLandReloaded\x64\Debug\gif.dll
C:\Users\etulyon1\Documents\L2POLYTECH\SEMESTRE2\MacroSoulLandReloaded\x64\Debug\jpeg62.dll
C:\Users\etulyon1\Documents\L2POLYTECH\SEMESTRE2\MacroSoulLandReloaded\x64\Debug\openjp2.dll
C:\Users\etulyon1\Documents\L2POLYTECH\SEMESTRE2\MacroSoulLandReloaded\x64\Debug\libpng16d.dll
C:\Users\etulyon1\Documents\L2POLYTECH\SEMESTRE2\MacroSoulLandReloaded\x64\Debug\tiffd.dll
C:\Users\etulyon1\Documents\L2POLYTECH\SEMESTRE2\MacroSoulLandReloaded\x64\Debug\libwebp.dll
C:\Users\etulyon1\Documents\L2POLYTECH\SEMESTRE2\MacroSoulLandReloaded\x64\Debug\libsharpyuv.dll
C:\Users\etulyon1\Documents\L2POLYTECH\SEMESTRE2\MacroSoulLandReloaded\x64\Debug\libwebpmux.dll
